{"D:\\ComiC\\App.tsx": {"path":"D:\\ComiC\\App.tsx","statementMap":{"0":{"start":{"line":7,"column":20},"end":{"line":7,"column":37}},"1":{"start":{"line":14,"column":19},"end":{"line":19,"column":4}},"2":{"start":{"line":21,"column":2},"end":{"line":21,"column":27}},"3":{"start":{"line":21,"column":15},"end":{"line":21,"column":27}},"4":{"start":{"line":23,"column":2},"end":{"line":27,"column":3}}},"fnMap":{"0":{"name":"App","decl":{"start":{"line":9,"column":24},"end":{"line":9,"column":27}},"loc":{"start":{"line":9,"column":30},"end":{"line":28,"column":3}},"line":9}},"branchMap":{"0":{"loc":{"start":{"line":21,"column":2},"end":{"line":21,"column":27}},"type":"if","locations":[{"start":{"line":21,"column":2},"end":{"line":21,"column":27}},{"start":{},"end":{}}],"line":21}},"s":{"0":1,"1":5,"2":4,"3":2,"4":2},"f":{"0":5},"b":{"0":[2,2]},"_coverageSchema":"1a1c01bbd47fc00a2c39e90264f33305004495a9","hash":"a0aa28a260167b60cd580551ce2f92eaf5507479"}
,"D:\\ComiC\\components\\CardDetailsSection.tsx": {"path":"D:\\ComiC\\components\\CardDetailsSection.tsx","statementMap":{"0":{"start":{"line":20,"column":23},"end":{"line":20,"column":38}},"1":{"start":{"line":22,"column":32},"end":{"line":24,"column":39}},"2":{"start":{"line":24,"column":10},"end":{"line":24,"column":38}},"3":{"start":{"line":26,"column":23},"end":{"line":39,"column":7}},"4":{"start":{"line":28,"column":8},"end":{"line":37,"column":19}},"5":{"start":{"line":36,"column":38},"end":{"line":36,"column":57}},"6":{"start":{"line":42,"column":4},"end":{"line":51,"column":5}},"7":{"start":{"line":55,"column":19},"end":{"line":60,"column":1}},"8":{"start":{"line":62,"column":17},"end":{"line":67,"column":1}},"9":{"start":{"line":68,"column":21},"end":{"line":74,"column":1}},"10":{"start":{"line":76,"column":24},"end":{"line":81,"column":1}},"11":{"start":{"line":83,"column":24},"end":{"line":88,"column":1}},"12":{"start":{"line":90,"column":23},"end":{"line":95,"column":1}},"13":{"start":{"line":98,"column":30},"end":{"line":103,"column":1}}},"fnMap":{"0":{"name":"CardsDetail","decl":{"start":{"line":17,"column":24},"end":{"line":17,"column":35}},"loc":{"start":{"line":17,"column":48},"end":{"line":52,"column":1}},"line":17},"1":{"name":"(anonymous_1)","decl":{"start":{"line":24,"column":4},"end":{"line":24,"column":5}},"loc":{"start":{"line":24,"column":10},"end":{"line":24,"column":38}},"line":24},"2":{"name":"(anonymous_2)","decl":{"start":{"line":26,"column":23},"end":{"line":26,"column":24}},"loc":{"start":{"line":28,"column":8},"end":{"line":37,"column":19}},"line":28},"3":{"name":"(anonymous_3)","decl":{"start":{"line":36,"column":32},"end":{"line":36,"column":33}},"loc":{"start":{"line":36,"column":38},"end":{"line":36,"column":57}},"line":36}},"branchMap":{"0":{"loc":{"start":{"line":44,"column":10},"end":{"line":49,"column":9}},"type":"cond-expr","locations":[{"start":{"line":45,"column":10},"end":{"line":45,"column":59}},{"start":{"line":47,"column":7},"end":{"line":47,"column":31}}],"line":44},"1":{"loc":{"start":{"line":47,"column":7},"end":{"line":47,"column":31}},"type":"binary-expr","locations":[{"start":{"line":47,"column":7},"end":{"line":47,"column":11}},{"start":{"line":47,"column":15},"end":{"line":47,"column":31}}],"line":47}},"s":{"0":0,"1":0,"2":0,"3":0,"4":0,"5":0,"6":0,"7":1,"8":1,"9":1,"10":1,"11":1,"12":1,"13":1},"f":{"0":0,"1":0,"2":0,"3":0},"b":{"0":[0,0],"1":[0,0]},"_coverageSchema":"1a1c01bbd47fc00a2c39e90264f33305004495a9","hash":"8f9b3038757ade5b998df366886391cc2e643910"}
,"D:\\ComiC\\components\\CardsSection.tsx": {"path":"D:\\ComiC\\components\\CardsSection.tsx","statementMap":{"0":{"start":{"line":19,"column":21},"end":{"line":19,"column":36}},"1":{"start":{"line":20,"column":22},"end":{"line":20,"column":34}},"2":{"start":{"line":21,"column":40},"end":{"line":21,"column":51}},"3":{"start":{"line":22,"column":38},"end":{"line":22,"column":50}},"4":{"start":{"line":23,"column":36},"end":{"line":23,"column":51}},"5":{"start":{"line":24,"column":42},"end":{"line":24,"column":57}},"6":{"start":{"line":26,"column":26},"end":{"line":48,"column":3}},"7":{"start":{"line":27,"column":4},"end":{"line":27,"column":23}},"8":{"start":{"line":28,"column":4},"end":{"line":47,"column":5}},"9":{"start":{"line":29,"column":23},"end":{"line":39,"column":7}},"10":{"start":{"line":40,"column":19},"end":{"line":40,"column":40}},"11":{"start":{"line":41,"column":24},"end":{"line":41,"column":42}},"12":{"start":{"line":42,"column":6},"end":{"line":42,"column":23}},"13":{"start":{"line":44,"column":6},"end":{"line":44,"column":27}},"14":{"start":{"line":46,"column":6},"end":{"line":46,"column":26}},"15":{"start":{"line":50,"column":55},"end":{"line":71,"column":3}},"16":{"start":{"line":53,"column":10},"end":{"line":53,"column":38}},"17":{"start":{"line":60,"column":8},"end":{"line":68,"column":9}},"18":{"start":{"line":63,"column":10},"end":{"line":63,"column":71}},"19":{"start":{"line":63,"column":39},"end":{"line":63,"column":69}},"20":{"start":{"line":66,"column":10},"end":{"line":66,"column":32}},"21":{"start":{"line":73,"column":2},"end":{"line":78,"column":40}},"22":{"start":{"line":74,"column":4},"end":{"line":77,"column":7}},"23":{"start":{"line":75,"column":8},"end":{"line":75,"column":30}},"24":{"start":{"line":81,"column":21},"end":{"line":98,"column":3}},"25":{"start":{"line":82,"column":4},"end":{"line":97,"column":11}},"26":{"start":{"line":85,"column":10},"end":{"line":85,"column":65}},"27":{"start":{"line":100,"column":25},"end":{"line":105,"column":3}},"28":{"start":{"line":101,"column":4},"end":{"line":104,"column":5}},"29":{"start":{"line":102,"column":6},"end":{"line":102,"column":49}},"30":{"start":{"line":102,"column":35},"end":{"line":102,"column":47}},"31":{"start":{"line":107,"column":2},"end":{"line":129,"column":4}},"32":{"start":{"line":118,"column":34},"end":{"line":118,"column":52}},"33":{"start":{"line":122,"column":35},"end":{"line":122,"column":57}},"34":{"start":{"line":132,"column":15},"end":{"line":142,"column":2}},"35":{"start":{"line":144,"column":18},"end":{"line":151,"column":1}},"36":{"start":{"line":153,"column":18},"end":{"line":158,"column":1}},"37":{"start":{"line":160,"column":13},"end":{"line":167,"column":1}},"38":{"start":{"line":169,"column":17},"end":{"line":173,"column":1}},"39":{"start":{"line":175,"column":17},"end":{"line":179,"column":1}},"40":{"start":{"line":181,"column":14},"end":{"line":185,"column":1}},"41":{"start":{"line":187,"column":20},"end":{"line":191,"column":1}},"42":{"start":{"line":193,"column":18},"end":{"line":197,"column":1}},"43":{"start":{"line":199,"column":24},"end":{"line":203,"column":1}}},"fnMap":{"0":{"name":"Page","decl":{"start":{"line":18,"column":24},"end":{"line":18,"column":28}},"loc":{"start":{"line":18,"column":31},"end":{"line":130,"column":1}},"line":18},"1":{"name":"(anonymous_1)","decl":{"start":{"line":26,"column":26},"end":{"line":26,"column":27}},"loc":{"start":{"line":26,"column":42},"end":{"line":48,"column":3}},"line":26},"2":{"name":"(anonymous_2)","decl":{"start":{"line":53,"column":4},"end":{"line":53,"column":5}},"loc":{"start":{"line":53,"column":10},"end":{"line":53,"column":38}},"line":53},"3":{"name":"(anonymous_3)","decl":{"start":{"line":58,"column":17},"end":{"line":58,"column":18}},"loc":{"start":{"line":58,"column":34},"end":{"line":69,"column":7}},"line":58},"4":{"name":"(anonymous_4)","decl":{"start":{"line":63,"column":24},"end":{"line":63,"column":25}},"loc":{"start":{"line":63,"column":39},"end":{"line":63,"column":69}},"line":63},"5":{"name":"(anonymous_5)","decl":{"start":{"line":73,"column":12},"end":{"line":73,"column":13}},"loc":{"start":{"line":73,"column":18},"end":{"line":78,"column":5}},"line":73},"6":{"name":"(anonymous_6)","decl":{"start":{"line":81,"column":21},"end":{"line":81,"column":22}},"loc":{"start":{"line":82,"column":4},"end":{"line":97,"column":11}},"line":82},"7":{"name":"(anonymous_7)","decl":{"start":{"line":84,"column":17},"end":{"line":84,"column":18}},"loc":{"start":{"line":85,"column":10},"end":{"line":85,"column":65}},"line":85},"8":{"name":"(anonymous_8)","decl":{"start":{"line":100,"column":25},"end":{"line":100,"column":26}},"loc":{"start":{"line":100,"column":31},"end":{"line":105,"column":3}},"line":100},"9":{"name":"(anonymous_9)","decl":{"start":{"line":102,"column":21},"end":{"line":102,"column":22}},"loc":{"start":{"line":102,"column":35},"end":{"line":102,"column":47}},"line":102},"10":{"name":"(anonymous_10)","decl":{"start":{"line":118,"column":24},"end":{"line":118,"column":25}},"loc":{"start":{"line":118,"column":34},"end":{"line":118,"column":52}},"line":118},"11":{"name":"(anonymous_11)","decl":{"start":{"line":122,"column":29},"end":{"line":122,"column":30}},"loc":{"start":{"line":122,"column":35},"end":{"line":122,"column":57}},"line":122}},"branchMap":{"0":{"loc":{"start":{"line":41,"column":24},"end":{"line":41,"column":42}},"type":"binary-expr","locations":[{"start":{"line":41,"column":24},"end":{"line":41,"column":36}},{"start":{"line":41,"column":40},"end":{"line":41,"column":42}}],"line":41},"1":{"loc":{"start":{"line":60,"column":8},"end":{"line":68,"column":9}},"type":"if","locations":[{"start":{"line":60,"column":8},"end":{"line":68,"column":9}},{"start":{"line":65,"column":15},"end":{"line":68,"column":9}}],"line":60},"2":{"loc":{"start":{"line":74,"column":4},"end":{"line":77,"column":7}},"type":"if","locations":[{"start":{"line":74,"column":4},"end":{"line":77,"column":7}},{"start":{},"end":{}}],"line":74},"3":{"loc":{"start":{"line":74,"column":8},"end":{"line":74,"column":57}},"type":"binary-expr","locations":[{"start":{"line":74,"column":8},"end":{"line":74,"column":23}},{"start":{"line":74,"column":27},"end":{"line":74,"column":35}},{"start":{"line":74,"column":39},"end":{"line":74,"column":57}}],"line":74},"4":{"loc":{"start":{"line":101,"column":4},"end":{"line":104,"column":5}},"type":"if","locations":[{"start":{"line":101,"column":4},"end":{"line":104,"column":5}},{"start":{},"end":{}}],"line":101},"5":{"loc":{"start":{"line":101,"column":8},"end":{"line":101,"column":35}},"type":"binary-expr","locations":[{"start":{"line":101,"column":8},"end":{"line":101,"column":18}},{"start":{"line":101,"column":22},"end":{"line":101,"column":35}}],"line":101},"6":{"loc":{"start":{"line":124,"column":9},"end":{"line":126,"column":16}},"type":"cond-expr","locations":[{"start":{"line":125,"column":10},"end":{"line":125,"column":59}},{"start":{"line":126,"column":12},"end":{"line":126,"column":16}}],"line":124}},"s":{"0":0,"1":0,"2":0,"3":0,"4":0,"5":0,"6":0,"7":0,"8":0,"9":0,"10":0,"11":0,"12":0,"13":0,"14":0,"15":0,"16":0,"17":0,"18":0,"19":0,"20":0,"21":0,"22":0,"23":0,"24":0,"25":0,"26":0,"27":0,"28":0,"29":0,"30":0,"31":0,"32":0,"33":0,"34":1,"35":1,"36":1,"37":1,"38":1,"39":1,"40":1,"41":1,"42":1,"43":1},"f":{"0":0,"1":0,"2":0,"3":0,"4":0,"5":0,"6":0,"7":0,"8":0,"9":0,"10":0,"11":0},"b":{"0":[0,0],"1":[0,0],"2":[0,0],"3":[0,0,0],"4":[0,0],"5":[0,0],"6":[0,0]},"_coverageSchema":"1a1c01bbd47fc00a2c39e90264f33305004495a9","hash":"e6c5b29f0fec35d82a26f792f7c5a7c40eda254d"}
,"D:\\ComiC\\components\\colors.tsx": {"path":"D:\\ComiC\\components\\colors.tsx","statementMap":{"0":{"start":{"line":1,"column":21},"end":{"line":6,"column":1}}},"fnMap":{},"branchMap":{},"s":{"0":1},"f":{},"b":{},"_coverageSchema":"1a1c01bbd47fc00a2c39e90264f33305004495a9","hash":"60baf0b154000a0b9fc9ef6d7006245f25cbb3f1"}
,"D:\\ComiC\\components\\shared.tsx": {"path":"D:\\ComiC\\components\\shared.tsx","statementMap":{"0":{"start":{"line":5,"column":25},"end":{"line":9,"column":1}},"1":{"start":{"line":11,"column":21},"end":{"line":16,"column":1}},"2":{"start":{"line":18,"column":27},"end":{"line":18,"column":57}},"3":{"start":{"line":19,"column":28},"end":{"line":19,"column":59}}},"fnMap":{},"branchMap":{},"s":{"0":1,"1":1,"2":1,"3":1},"f":{},"b":{},"_coverageSchema":"1a1c01bbd47fc00a2c39e90264f33305004495a9","hash":"3fb9f85e3fb3f4653cadf6d7ce9eba44d7166c91"}
,"D:\\ComiC\\components\\Button\\RegularButton.tsx": {"path":"D:\\ComiC\\components\\Button\\RegularButton.tsx","statementMap":{"0":{"start":{"line":7,"column":19},"end":{"line":15,"column":5}},"1":{"start":{"line":17,"column":19},"end":{"line":21,"column":1}},"2":{"start":{"line":30,"column":54},"end":{"line":36,"column":1}},"3":{"start":{"line":31,"column":2},"end":{"line":35,"column":3}}},"fnMap":{"0":{"name":"(anonymous_0)","decl":{"start":{"line":30,"column":54},"end":{"line":30,"column":55}},"loc":{"start":{"line":30,"column":65},"end":{"line":36,"column":1}},"line":30}},"branchMap":{},"s":{"0":1,"1":1,"2":1,"3":2},"f":{"0":2},"b":{},"_coverageSchema":"1a1c01bbd47fc00a2c39e90264f33305004495a9","hash":"58fe8143433dd6507f30f52c02beb7c52678354c"}
,"D:\\ComiC\\navigators\\RootStack.tsx": {"path":"D:\\ComiC\\navigators\\RootStack.tsx","statementMap":{"0":{"start":{"line":19,"column":14},"end":{"line":19,"column":56}},"1":{"start":{"line":21,"column":15},"end":{"line":31,"column":3}},"2":{"start":{"line":34,"column":37},"end":{"line":44,"column":1}},"3":{"start":{"line":35,"column":4},"end":{"line":43,"column":5}}},"fnMap":{"0":{"name":"(anonymous_0)","decl":{"start":{"line":34,"column":37},"end":{"line":34,"column":38}},"loc":{"start":{"line":34,"column":43},"end":{"line":44,"column":1}},"line":34}},"branchMap":{},"s":{"0":1,"1":1,"2":1,"3":2},"f":{"0":2},"b":{},"_coverageSchema":"1a1c01bbd47fc00a2c39e90264f33305004495a9","hash":"9cb6570bb423c243574791be32d4e34c73713b97"}
,"D:\\ComiC\\screens\\Details.tsx": {"path":"D:\\ComiC\\screens\\Details.tsx","statementMap":{"0":{"start":{"line":10,"column":16},"end":{"line":19,"column":1}},"1":{"start":{"line":12,"column":19},"end":{"line":12,"column":31}},"2":{"start":{"line":14,"column":2},"end":{"line":18,"column":3}},"3":{"start":{"line":23,"column":20},"end":{"line":28,"column":1}}},"fnMap":{"0":{"name":"(anonymous_0)","decl":{"start":{"line":10,"column":16},"end":{"line":10,"column":17}},"loc":{"start":{"line":10,"column":29},"end":{"line":19,"column":1}},"line":10}},"branchMap":{},"s":{"0":1,"1":0,"2":0,"3":1},"f":{"0":0},"b":{},"_coverageSchema":"1a1c01bbd47fc00a2c39e90264f33305004495a9","hash":"baf14bd98f63c68a9c7a2a91be35b16e52df2987"}
,"D:\\ComiC\\screens\\Home.tsx": {"path":"D:\\ComiC\\screens\\Home.tsx","statementMap":{"0":{"start":{"line":11,"column":13},"end":{"line":21,"column":1}},"1":{"start":{"line":14,"column":2},"end":{"line":20,"column":3}},"2":{"start":{"line":25,"column":17},"end":{"line":29,"column":1}},"3":{"start":{"line":31,"column":20},"end":{"line":34,"column":1}}},"fnMap":{"0":{"name":"(anonymous_0)","decl":{"start":{"line":11,"column":13},"end":{"line":11,"column":14}},"loc":{"start":{"line":11,"column":19},"end":{"line":21,"column":1}},"line":11}},"branchMap":{},"s":{"0":1,"1":0,"2":1,"3":1},"f":{"0":0},"b":{},"_coverageSchema":"1a1c01bbd47fc00a2c39e90264f33305004495a9","hash":"2c1bea2e5cab323f5b2622f6087052d43a96d1ae"}
,"D:\\ComiC\\screens\\Welcome.tsx": {"path":"D:\\ComiC\\screens\\Welcome.tsx","statementMap":{"0":{"start":{"line":17,"column":16},"end":{"line":20,"column":1}},"1":{"start":{"line":22,"column":15},"end":{"line":26,"column":1}},"2":{"start":{"line":28,"column":20},"end":{"line":35,"column":5}},"3":{"start":{"line":37,"column":42},"end":{"line":48,"column":1}},"4":{"start":{"line":38,"column":2},"end":{"line":47,"column":3}},"5":{"start":{"line":44,"column":40},"end":{"line":44,"column":67}}},"fnMap":{"0":{"name":"(anonymous_0)","decl":{"start":{"line":37,"column":42},"end":{"line":37,"column":43}},"loc":{"start":{"line":37,"column":62},"end":{"line":48,"column":1}},"line":37},"1":{"name":"(anonymous_1)","decl":{"start":{"line":44,"column":32},"end":{"line":44,"column":33}},"loc":{"start":{"line":44,"column":38},"end":{"line":44,"column":68}},"line":44}},"branchMap":{},"s":{"0":1,"1":1,"2":1,"3":1,"4":2,"5":0},"f":{"0":2,"1":0},"b":{},"_coverageSchema":"1a1c01bbd47fc00a2c39e90264f33305004495a9","hash":"2b5751a28683f0d7651a6fcf0862ce5c58859dbb"}
,"D:\\ComiC\\service\\Api.tsx": {"path":"D:\\ComiC\\service\\Api.tsx","statementMap":{"0":{"start":{"line":2,"column":36},"end":{"line":22,"column":1}},"1":{"start":{"line":4,"column":13},"end":{"line":4,"column":129}},"2":{"start":{"line":5,"column":17},"end":{"line":11,"column":2}},"3":{"start":{"line":13,"column":1},"end":{"line":21,"column":2}},"4":{"start":{"line":14,"column":19},"end":{"line":14,"column":44}},"5":{"start":{"line":15,"column":20},"end":{"line":15,"column":41}},"6":{"start":{"line":16,"column":2},"end":{"line":16,"column":21}},"7":{"start":{"line":17,"column":2},"end":{"line":17,"column":15}},"8":{"start":{"line":20,"column":2},"end":{"line":20,"column":23}}},"fnMap":{"0":{"name":"(anonymous_0)","decl":{"start":{"line":2,"column":36},"end":{"line":2,"column":37}},"loc":{"start":{"line":2,"column":62},"end":{"line":22,"column":1}},"line":2}},"branchMap":{},"s":{"0":1,"1":0,"2":0,"3":0,"4":0,"5":0,"6":0,"7":0,"8":0},"f":{"0":0},"b":{},"_coverageSchema":"1a1c01bbd47fc00a2c39e90264f33305004495a9","hash":"ec055731ce68603a165e33d2fdb75fa7ba7127f3"}
,"D:\\ComiC\\service\\interfaces.tsx": {"path":"D:\\ComiC\\service\\interfaces.tsx","statementMap":{},"fnMap":{},"branchMap":{},"s":{},"f":{},"b":{}}
}
