TN:
SF:App.tsx
FN:9,App
FNF:1
FNH:1
FNDA:5,App
DA:7,1
DA:14,5
DA:21,4
DA:23,2
LF:4
LH:4
BRDA:21,0,0,2
BRDA:21,0,1,2
BRF:2
BRH:2
end_of_record
TN:
SF:components\CardDetailsSection.tsx
FN:17,CardsDetail
FN:24,(anonymous_1)
FN:26,(anonymous_2)
FN:36,(anonymous_3)
FNF:4
FNH:0
FNDA:0,CardsDetail
FNDA:0,(anonymous_1)
FNDA:0,(anonymous_2)
FNDA:0,(anonymous_3)
DA:20,0
DA:22,0
DA:24,0
DA:26,0
DA:28,0
DA:36,0
DA:42,0
DA:55,1
DA:62,1
DA:68,1
DA:76,1
DA:83,1
DA:90,1
DA:98,1
LF:14
LH:7
BRDA:44,0,0,0
BRDA:44,0,1,0
BRDA:47,1,0,0
BRDA:47,1,1,0
BRF:4
BRH:0
end_of_record
TN:
SF:components\CardsSection.tsx
FN:18,Page
FN:26,(anonymous_1)
FN:53,(anonymous_2)
FN:58,(anonymous_3)
FN:63,(anonymous_4)
FN:73,(anonymous_5)
FN:81,(anonymous_6)
FN:84,(anonymous_7)
FN:100,(anonymous_8)
FN:102,(anonymous_9)
FN:118,(anonymous_10)
FN:122,(anonymous_11)
FNF:12
FNH:0
FNDA:0,Page
FNDA:0,(anonymous_1)
FNDA:0,(anonymous_2)
FNDA:0,(anonymous_3)
FNDA:0,(anonymous_4)
FNDA:0,(anonymous_5)
FNDA:0,(anonymous_6)
FNDA:0,(anonymous_7)
FNDA:0,(anonymous_8)
FNDA:0,(anonymous_9)
FNDA:0,(anonymous_10)
FNDA:0,(anonymous_11)
DA:19,0
DA:20,0
DA:21,0
DA:22,0
DA:23,0
DA:24,0
DA:26,0
DA:27,0
DA:28,0
DA:29,0
DA:40,0
DA:41,0
DA:42,0
DA:44,0
DA:46,0
DA:50,0
DA:53,0
DA:60,0
DA:63,0
DA:66,0
DA:73,0
DA:74,0
DA:75,0
DA:81,0
DA:82,0
DA:85,0
DA:100,0
DA:101,0
DA:102,0
DA:107,0
DA:118,0
DA:122,0
DA:132,1
DA:144,1
DA:153,1
DA:160,1
DA:169,1
DA:175,1
DA:181,1
DA:187,1
DA:193,1
DA:199,1
LF:42
LH:10
BRDA:41,0,0,0
BRDA:41,0,1,0
BRDA:60,1,0,0
BRDA:60,1,1,0
BRDA:74,2,0,0
BRDA:74,2,1,0
BRDA:74,3,0,0
BRDA:74,3,1,0
BRDA:74,3,2,0
BRDA:101,4,0,0
BRDA:101,4,1,0
BRDA:101,5,0,0
BRDA:101,5,1,0
BRDA:124,6,0,0
BRDA:124,6,1,0
BRF:15
BRH:0
end_of_record
TN:
SF:components\colors.tsx
FNF:0
FNH:0
DA:1,1
LF:1
LH:1
BRF:0
BRH:0
end_of_record
TN:
SF:components\shared.tsx
FNF:0
FNH:0
DA:5,1
DA:11,1
DA:18,1
DA:19,1
LF:4
LH:4
BRF:0
BRH:0
end_of_record
TN:
SF:components\Button\RegularButton.tsx
FN:30,(anonymous_0)
FNF:1
FNH:1
FNDA:2,(anonymous_0)
DA:7,1
DA:17,1
DA:30,1
DA:31,2
LF:4
LH:4
BRF:0
BRH:0
end_of_record
TN:
SF:navigators\RootStack.tsx
FN:34,(anonymous_0)
FNF:1
FNH:1
FNDA:2,(anonymous_0)
DA:19,1
DA:21,1
DA:34,1
DA:35,2
LF:4
LH:4
BRF:0
BRH:0
end_of_record
TN:
SF:screens\Details.tsx
FN:10,(anonymous_0)
FNF:1
FNH:0
FNDA:0,(anonymous_0)
DA:10,1
DA:12,0
DA:14,0
DA:23,1
LF:4
LH:2
BRF:0
BRH:0
end_of_record
TN:
SF:screens\Home.tsx
FN:11,(anonymous_0)
FNF:1
FNH:0
FNDA:0,(anonymous_0)
DA:11,1
DA:14,0
DA:25,1
DA:31,1
LF:4
LH:3
BRF:0
BRH:0
end_of_record
TN:
SF:screens\Welcome.tsx
FN:37,(anonymous_0)
FN:44,(anonymous_1)
FNF:2
FNH:1
FNDA:2,(anonymous_0)
FNDA:0,(anonymous_1)
DA:17,1
DA:22,1
DA:28,1
DA:37,1
DA:38,2
DA:44,0
LF:6
LH:5
BRF:0
BRH:0
end_of_record
TN:
SF:service\Api.tsx
FN:2,(anonymous_0)
FNF:1
FNH:0
FNDA:0,(anonymous_0)
DA:2,1
DA:4,0
DA:5,0
DA:13,0
DA:14,0
DA:15,0
DA:16,0
DA:17,0
DA:20,0
LF:9
LH:1
BRF:0
BRH:0
end_of_record
TN:
SF:service\interfaces.tsx
FNF:0
FNH:0
LF:0
LH:0
BRF:0
BRH:0
end_of_record
